# JRE version: OpenJDK Runtime Environment Temurin-21.0.10+7 (21.0.10+7) (build 21.0.10+7-LTS)
# Java VM: OpenJDK 64-Bit Server VM Temurin-21.0.10+7 (21.0.10+7-LTS, mixed mode, sharing, tiered, compressed oops, compressed class ptrs, parallel gc, windows-amd64)
GC Precious Log:
 CardTable entry size: 512
 CPUs: 12 total, 12 available
 Memory: 15741M
 Large Page Support: Disabled
 NUMA Support: Disabled
 Compressed Oops: Enabled (32-bit)
 Alignments: Space 512K, Generation 512K, Heap 2M
 Heap Min Capacity: 100M
 Heap Initial Capacity: 100M
 Heap Max Capacity: 2G
 Pre-touch: Disabled
 Parallel Workers: 10
Heap:
 PSYoungGen      total 12288K, used 7191K [0x00000000d5580000, 0x00000000d6400000, 0x0000000100000000)
  eden space 10752K, 53% used [0x00000000d5580000,0x00000000d5b25ea0,0x00000000d6000000)
  from space 1536K, 91% used [0x00000000d6100000,0x00000000d6260020,0x00000000d6280000)
  to   space 1536K, 0% used [0x00000000d6280000,0x00000000d6280000,0x00000000d6400000)
 ParOldGen       total 1311744K, used 1311588K [0x0000000080000000, 0x00000000d0100000, 0x00000000d5580000)
  object space 1311744K, 99% used [0x0000000080000000,0x00000000d00d9080,0x00000000d0100000)
 Metaspace       used 88421K, committed 90112K, reserved 1179648K
  class space    used 8321K, committed 9152K, reserved 1048576K
GC Heap History (20 events):
Event: 5922.642 GC heap before
{Heap before GC invocations=6820 (full 15):
 PSYoungGen      total 11776K, used 11775K [0x00000000d5580000, 0x00000000d6a80000, 0x0000000100000000)
  eden space 9728K, 100% used [0x00000000d5580000,0x00000000d5f00000,0x00000000d5f00000)
  from space 2048K, 99% used [0x00000000d5f00000,0x00000000d60ffe28,0x00000000d6100000)
  to   space 5120K, 0% used [0x00000000d6580000,0x00000000d6580000,0x00000000d6a80000)
 ParOldGen       total 1296384K, used 1296225K [0x0000000080000000, 0x00000000cf200000, 0x00000000d5580000)
  object space 1296384K, 99% used [0x0000000080000000,0x00000000cf1d8740,0x00000000cf200000)
 Metaspace       used 88382K, committed 90048K, reserved 1179648K
  class space    used 8320K, committed 9152K, reserved 1048576K
}
Event: 5922.645 GC heap after
{Heap after GC invocations=6820 (full 15):
 PSYoungGen      total 13312K, used 3098K [0x00000000d5580000, 0x00000000d6900000, 0x0000000100000000)
  eden space 9728K, 0% used [0x00000000d5580000,0x00000000d5580000,0x00000000d5f00000)
  from space 3584K, 86% used [0x00000000d6580000,0x00000000d6886b98,0x00000000d6900000)
  to   space 4096K, 0% used [0x00000000d6100000,0x00000000d6100000,0x00000000d6500000)
 ParOldGen       total 1298432K, used 1298279K [0x0000000080000000, 0x00000000cf400000, 0x00000000d5580000)
  object space 1298432K, 99% used [0x0000000080000000,0x00000000cf3d9e80,0x00000000cf400000)
 Metaspace       used 88382K, committed 90048K, reserved 1179648K
  class space    used 8320K, committed 9152K, reserved 1048576K
}
Event: 5922.652 GC heap before
{Heap before GC invocations=6821 (full 15):
 PSYoungGen      total 13312K, used 12826K [0x00000000d5580000, 0x00000000d6900000, 0x0000000100000000)
  eden space 9728K, 100% used [0x00000000d5580000,0x00000000d5f00000,0x00000000d5f00000)
  from space 3584K, 86% used [0x00000000d6580000,0x00000000d6886b98,0x00000000d6900000)
  to   space 4096K, 0% used [0x00000000d6100000,0x00000000d6100000,0x00000000d6500000)
 ParOldGen       total 1298432K, used 1298279K [0x0000000080000000, 0x00000000cf400000, 0x00000000d5580000)
  object space 1298432K, 99% used [0x0000000080000000,0x00000000cf3d9e80,0x00000000cf400000)
 Metaspace       used 88382K, committed 90048K, reserved 1179648K
  class space    used 8320K, committed 9152K, reserved 1048576K
}
Event: 5922.655 GC heap after
{Heap after GC invocations=6821 (full 15):
 PSYoungGen      total 12800K, used 944K [0x00000000d5580000, 0x00000000d6600000, 0x0000000100000000)
  eden space 11776K, 0% used [0x00000000d5580000,0x00000000d5580000,0x00000000d6100000)
  from space 1024K, 92% used [0x00000000d6100000,0x00000000d61ec030,0x00000000d6200000)
  to   space 2048K, 0% used [0x00000000d6400000,0x00000000d6400000,0x00000000d6600000)
 ParOldGen       total 1301504K, used 1301206K [0x0000000080000000, 0x00000000cf700000, 0x00000000d5580000)
  object space 1301504K, 99% used [0x0000000080000000,0x00000000cf6b5960,0x00000000cf700000)
 Metaspace       used 88382K, committed 90048K, reserved 1179648K
  class space    used 8320K, committed 9152K, reserved 1048576K
}
Event: 5943.649 GC heap before
{Heap before GC invocations=6822 (full 15):
 PSYoungGen      total 12800K, used 12720K [0x00000000d5580000, 0x00000000d6600000, 0x0000000100000000)
  eden space 11776K, 100% used [0x00000000d5580000,0x00000000d6100000,0x00000000d6100000)
  from space 1024K, 92% used [0x00000000d6100000,0x00000000d61ec030,0x00000000d6200000)
  to   space 2048K, 0% used [0x00000000d6400000,0x00000000d6400000,0x00000000d6600000)
 ParOldGen       total 1301504K, used 1301206K [0x0000000080000000, 0x00000000cf700000, 0x00000000d5580000)
  object space 1301504K, 99% used [0x0000000080000000,0x00000000cf6b5960,0x00000000cf700000)
 Metaspace       used 88382K, committed 90048K, reserved 1179648K
  class space    used 8320K, committed 9152K, reserved 1048576K
}
Event: 5943.651 GC heap after
{Heap after GC invocations=6822 (full 15):
 PSYoungGen      total 13312K, used 1328K [0x00000000d5580000, 0x00000000d6580000, 0x0000000100000000)
  eden space 11776K, 0% used [0x00000000d5580000,0x00000000d5580000,0x00000000d6100000)
  from space 1536K, 86% used [0x00000000d6400000,0x00000000d654c030,0x00000000d6580000)
  to   space 1536K, 0% used [0x00000000d6280000,0x00000000d6280000,0x00000000d6400000)
 ParOldGen       total 1302528K, used 1302075K [0x0000000080000000, 0x00000000cf800000, 0x00000000d5580000)
  object space 1302528K, 99% used [0x0000000080000000,0x00000000cf78ef00,0x00000000cf800000)
 Metaspace       used 88382K, committed 90048K, reserved 1179648K
  class space    used 8320K, committed 9152K, reserved 1048576K
}
Event: 6054.493 GC heap before
{Heap before GC invocations=6823 (full 15):
 PSYoungGen      total 13312K, used 13104K [0x00000000d5580000, 0x00000000d6580000, 0x0000000100000000)
  eden space 11776K, 100% used [0x00000000d5580000,0x00000000d6100000,0x00000000d6100000)
  from space 1536K, 86% used [0x00000000d6400000,0x00000000d654c030,0x00000000d6580000)
  to   space 1536K, 0% used [0x00000000d6280000,0x00000000d6280000,0x00000000d6400000)
 ParOldGen       total 1302528K, used 1302075K [0x0000000080000000, 0x00000000cf800000, 0x00000000d5580000)
  object space 1302528K, 99% used [0x0000000080000000,0x00000000cf78ef00,0x00000000cf800000)
 Metaspace       used 88382K, committed 90048K, reserved 1179648K
  class space    used 8320K, committed 9152K, reserved 1048576K
}
Event: 6054.500 GC heap after
{Heap after GC invocations=6823 (full 15):
 PSYoungGen      total 13312K, used 1026K [0x00000000d5580000, 0x00000000d6480000, 0x0000000100000000)
  eden space 11776K, 0% used [0x00000000d5580000,0x00000000d5580000,0x00000000d6100000)
  from space 1536K, 66% used [0x00000000d6280000,0x00000000d6380830,0x00000000d6400000)
  to   space 512K, 0% used [0x00000000d6400000,0x00000000d6400000,0x00000000d6480000)
 ParOldGen       total 1303552K, used 1303289K [0x0000000080000000, 0x00000000cf900000, 0x00000000d5580000)
  object space 1303552K, 99% used [0x0000000080000000,0x00000000cf8be470,0x00000000cf900000)
 Metaspace       used 88382K, committed 90048K, reserved 1179648K
  class space    used 8320K, committed 9152K, reserved 1048576K
}
Event: 6054.543 GC heap before
{Heap before GC invocations=6824 (full 15):
 PSYoungGen      total 13312K, used 12802K [0x00000000d5580000, 0x00000000d6480000, 0x0000000100000000)
  eden space 11776K, 100% used [0x00000000d5580000,0x00000000d6100000,0x00000000d6100000)
  from space 1536K, 66% used [0x00000000d6280000,0x00000000d6380830,0x00000000d6400000)
  to   space 512K, 0% used [0x00000000d6400000,0x00000000d6400000,0x00000000d6480000)
 ParOldGen       total 1303552K, used 1303289K [0x0000000080000000, 0x00000000cf900000, 0x00000000d5580000)
  object space 1303552K, 99% used [0x0000000080000000,0x00000000cf8be470,0x00000000cf900000)
 Metaspace       used 88382K, committed 90048K, reserved 1179648K
  class space    used 8320K, committed 9152K, reserved 1048576K
}
Event: 6054.545 GC heap after
{Heap after GC invocations=6824 (full 15):
 PSYoungGen      total 11264K, used 512K [0x00000000d5580000, 0x00000000d6900000, 0x0000000100000000)
  eden space 10752K, 0% used [0x00000000d5580000,0x00000000d5580000,0x00000000d6000000)
  from space 512K, 100% used [0x00000000d6400000,0x00000000d6480000,0x00000000d6480000)
  to   space 4096K, 0% used [0x00000000d6000000,0x00000000d6000000,0x00000000d6400000)
 ParOldGen       total 1306112K, used 1306100K [0x0000000080000000, 0x00000000cfb80000, 0x00000000d5580000)
  object space 1306112K, 99% used [0x0000000080000000,0x00000000cfb7d368,0x00000000cfb80000)
 Metaspace       used 88382K, committed 90048K, reserved 1179648K
  class space    used 8320K, committed 9152K, reserved 1048576K
}
Event: 6063.218 GC heap before
{Heap before GC invocations=6825 (full 15):
 PSYoungGen      total 11264K, used 11264K [0x00000000d5580000, 0x00000000d6900000, 0x0000000100000000)
  eden space 10752K, 100% used [0x00000000d5580000,0x00000000d6000000,0x00000000d6000000)
  from space 512K, 100% used [0x00000000d6400000,0x00000000d6480000,0x00000000d6480000)
  to   space 4096K, 0% used [0x00000000d6000000,0x00000000d6000000,0x00000000d6400000)
 ParOldGen       total 1306112K, used 1306100K [0x0000000080000000, 0x00000000cfb80000, 0x00000000d5580000)
  object space 1306112K, 99% used [0x0000000080000000,0x00000000cfb7d368,0x00000000cfb80000)
 Metaspace       used 88382K, committed 90048K, reserved 1179648K
  class space    used 8320K, committed 9152K, reserved 1048576K
}
Event: 6063.221 GC heap after
{Heap after GC invocations=6825 (full 15):
 PSYoungGen      total 12288K, used 1289K [0x00000000d5580000, 0x00000000d6480000, 0x0000000100000000)
  eden space 10752K, 0% used [0x00000000d5580000,0x00000000d5580000,0x00000000d6000000)
  from space 1536K, 83% used [0x00000000d6000000,0x00000000d6142400,0x00000000d6180000)
  to   space 2048K, 0% used [0x00000000d6280000,0x00000000d6280000,0x00000000d6480000)
 ParOldGen       total 1307136K, used 1306648K [0x0000000080000000, 0x00000000cfc80000, 0x00000000d5580000)
  object space 1307136K, 99% used [0x0000000080000000,0x00000000cfc06378,0x00000000cfc80000)
 Metaspace       used 88382K, committed 90048K, reserved 1179648K
  class space    used 8320K, committed 9152K, reserved 1048576K
}
Event: 6063.231 GC heap before
{Heap before GC invocations=6826 (full 15):
 PSYoungGen      total 12288K, used 12041K [0x00000000d5580000, 0x00000000d6480000, 0x0000000100000000)
  eden space 10752K, 100% used [0x00000000d5580000,0x00000000d6000000,0x00000000d6000000)
  from space 1536K, 83% used [0x00000000d6000000,0x00000000d6142400,0x00000000d6180000)
  to   space 2048K, 0% used [0x00000000d6280000,0x00000000d6280000,0x00000000d6480000)
 ParOldGen       total 1307136K, used 1306648K [0x0000000080000000, 0x00000000cfc80000, 0x00000000d5580000)
  object space 1307136K, 99% used [0x0000000080000000,0x00000000cfc06378,0x00000000cfc80000)
 Metaspace       used 88382K, committed 90048K, reserved 1179648K
  class space    used 8320K, committed 9152K, reserved 1048576K
}
Event: 6063.233 GC heap after
{Heap after GC invocations=6826 (full 15):
 PSYoungGen      total 12288K, used 1344K [0x00000000d5580000, 0x00000000d6400000, 0x0000000100000000)
  eden space 10752K, 0% used [0x00000000d5580000,0x00000000d5580000,0x00000000d6000000)
  from space 1536K, 87% used [0x00000000d6280000,0x00000000d63d0060,0x00000000d6400000)
  to   space 1536K, 0% used [0x00000000d6000000,0x00000000d6000000,0x00000000d6180000)
 ParOldGen       total 1308160K, used 1307773K [0x0000000080000000, 0x00000000cfd80000, 0x00000000d5580000)
  object space 1308160K, 99% used [0x0000000080000000,0x00000000cfd1f528,0x00000000cfd80000)
 Metaspace       used 88382K, committed 90048K, reserved 1179648K
  class space    used 8320K, committed 9152K, reserved 1048576K
}
Event: 6063.248 GC heap before
{Heap before GC invocations=6827 (full 15):
 PSYoungGen      total 12288K, used 12096K [0x00000000d5580000, 0x00000000d6400000, 0x0000000100000000)
  eden space 10752K, 100% used [0x00000000d5580000,0x00000000d6000000,0x00000000d6000000)
  from space 1536K, 87% used [0x00000000d6280000,0x00000000d63d0060,0x00000000d6400000)
  to   space 1536K, 0% used [0x00000000d6000000,0x00000000d6000000,0x00000000d6180000)
 ParOldGen       total 1308160K, used 1307773K [0x0000000080000000, 0x00000000cfd80000, 0x00000000d5580000)
  object space 1308160K, 99% used [0x0000000080000000,0x00000000cfd1f528,0x00000000cfd80000)
 Metaspace       used 88382K, committed 90048K, reserved 1179648K
  class space    used 8320K, committed 9152K, reserved 1048576K
}
Event: 6063.251 GC heap after
{Heap after GC invocations=6827 (full 15):
 PSYoungGen      total 12288K, used 1529K [0x00000000d5580000, 0x00000000d6700000, 0x0000000100000000)
  eden space 10752K, 0% used [0x00000000d5580000,0x00000000d5580000,0x00000000d6000000)
  from space 1536K, 99% used [0x00000000d6000000,0x00000000d617e410,0x00000000d6180000)
  to   space 3584K, 0% used [0x00000000d6380000,0x00000000d6380000,0x00000000d6700000)
 ParOldGen       total 1309184K, used 1309089K [0x0000000080000000, 0x00000000cfe80000, 0x00000000d5580000)
  object space 1309184K, 99% used [0x0000000080000000,0x00000000cfe68760,0x00000000cfe80000)
 Metaspace       used 88382K, committed 90048K, reserved 1179648K
  class space    used 8320K, committed 9152K, reserved 1048576K
}
Event: 6063.262 GC heap before
{Heap before GC invocations=6828 (full 15):
 PSYoungGen      total 12288K, used 12281K [0x00000000d5580000, 0x00000000d6700000, 0x0000000100000000)
  eden space 10752K, 100% used [0x00000000d5580000,0x00000000d6000000,0x00000000d6000000)
  from space 1536K, 99% used [0x00000000d6000000,0x00000000d617e410,0x00000000d6180000)
  to   space 3584K, 0% used [0x00000000d6380000,0x00000000d6380000,0x00000000d6700000)
 ParOldGen       total 1309184K, used 1309089K [0x0000000080000000, 0x00000000cfe80000, 0x00000000d5580000)
  object space 1309184K, 99% used [0x0000000080000000,0x00000000cfe68760,0x00000000cfe80000)
 Metaspace       used 88382K, committed 90048K, reserved 1179648K
  class space    used 8320K, committed 9152K, reserved 1048576K
}
Event: 6063.266 GC heap after
{Heap after GC invocations=6828 (full 15):
 PSYoungGen      total 12288K, used 1232K [0x00000000d5580000, 0x00000000d6500000, 0x0000000100000000)
  eden space 10752K, 0% used [0x00000000d5580000,0x00000000d5580000,0x00000000d6000000)
  from space 1536K, 80% used [0x00000000d6380000,0x00000000d64b4050,0x00000000d6500000)
  to   space 2048K, 0% used [0x00000000d6100000,0x00000000d6100000,0x00000000d6300000)
 ParOldGen       total 1310720K, used 1310500K [0x0000000080000000, 0x00000000d0000000, 0x00000000d5580000)
  object space 1310720K, 99% used [0x0000000080000000,0x00000000cffc9000,0x00000000d0000000)
 Metaspace       used 88382K, committed 90048K, reserved 1179648K
  class space    used 8320K, committed 9152K, reserved 1048576K
}
Event: 14706.140 GC heap before
{Heap before GC invocations=6829 (full 15):
 PSYoungGen      total 12288K, used 11983K [0x00000000d5580000, 0x00000000d6500000, 0x0000000100000000)
  eden space 10752K, 99% used [0x00000000d5580000,0x00000000d5fffe40,0x00000000d6000000)
  from space 1536K, 80% used [0x00000000d6380000,0x00000000d64b4050,0x00000000d6500000)
  to   space 2048K, 0% used [0x00000000d6100000,0x00000000d6100000,0x00000000d6300000)
 ParOldGen       total 1310720K, used 1310500K [0x0000000080000000, 0x00000000d0000000, 0x00000000d5580000)
  object space 1310720K, 99% used [0x0000000080000000,0x00000000cffc9000,0x00000000d0000000)
 Metaspace       used 88414K, committed 90112K, reserved 1179648K
  class space    used 8320K, committed 9152K, reserved 1048576K
}
Event: 14706.396 GC heap after
{Heap after GC invocations=6829 (full 15):
 PSYoungGen      total 12288K, used 1408K [0x00000000d5580000, 0x00000000d6400000, 0x0000000100000000)
  eden space 10752K, 0% used [0x00000000d5580000,0x00000000d5580000,0x00000000d6000000)
  from space 1536K, 91% used [0x00000000d6100000,0x00000000d6260020,0x00000000d6280000)
  to   space 1536K, 0% used [0x00000000d6280000,0x00000000d6280000,0x00000000d6400000)
 ParOldGen       total 1311744K, used 1311588K [0x0000000080000000, 0x00000000d0100000, 0x00000000d5580000)
  object space 1311744K, 99% used [0x0000000080000000,0x00000000d00d9080,0x00000000d0100000)
 Metaspace       used 88414K, committed 90112K, reserved 1179648K
  class space    used 8320K, committed 9152K, reserved 1048576K
}

